[2025-09-13T16:31:57.998Z] [31m'error'[39m : Employee with id 123 already exists
[2025-09-13T16:32:27.502Z] [31m'error'[39m : Employee with id 123 already exists
[2025-09-13T16:32:27.517Z] [32m'info'[39m : Employee with id 123 hired
[2025-09-13T16:38:26.628Z] [31m'error'[39m : Employee with id 123 already exists
[2025-09-13T16:38:26.650Z] [32m'info'[39m : Employee with id 123 hired
[2025-09-13T16:38:53.699Z] [31m'error'[39m : Employee with id 123 already exists
[2025-09-13T16:38:53.720Z] [32m'info'[39m : Employee with id 123 hired
[2025-09-13T16:40:38.415Z] [31m'error'[39m : Employee with id 123 already exists
[2025-09-13T16:40:38.429Z] [32m'info'[39m : Employee with id 123 hired
[2025-09-13T16:43:12.741Z] [31m'error'[39m : Employee with id 123 already exists
[2025-09-13T16:43:12.762Z] [32m'info'[39m : Employee with id 123 hired
[2025-09-13T16:43:55.626Z] [31m'error'[39m : Employee with id 123 already exists
[2025-09-13T16:43:55.648Z] [32m'info'[39m : Employee with id 123 hired
[2025-09-13T16:44:20.703Z] [31m'error'[39m : Employee with id 123 already exists
[2025-09-13T16:44:20.719Z] [32m'info'[39m : Employee with id 123 hired
[2025-09-13T16:44:38.556Z] [31m'error'[39m : Employee with id 123 already exists
[2025-09-13T16:44:38.571Z] [32m'info'[39m : Employee with id 123 hired
[2025-09-13T16:50:06.228Z] [31m'error'[39m : Employee with id 123 already exists
[2025-09-13T16:50:06.243Z] [32m'info'[39m : Employee with id 123 hired
[2025-09-13T16:54:03.785Z] [31m'error'[39m : Employee with id 123 already exists
[2025-09-13T16:54:03.806Z] [32m'info'[39m : Employee with id 123 hired
[2025-09-13T16:55:12.867Z] [31m'error'[39m : Employee with id 123 already exists
[2025-09-13T16:55:12.882Z] [32m'info'[39m : Employee with id 123 hired
[2025-09-13T17:00:37.339Z] [31m'error'[39m : Employee with id 123 already exists
[2025-09-13T17:00:37.361Z] [32m'info'[39m : Employee with id 123 hired
[2025-09-13T17:01:23.680Z] [31m'error'[39m : Employee with id 123 already exists
[2025-09-13T17:01:23.695Z] [32m'info'[39m : Employee with id 123 hired
[2025-09-13T17:01:34.114Z] [31m'error'[39m : Employee with id 123 already exists
[2025-09-13T17:01:34.128Z] [32m'info'[39m : Employee with id 123 hired
[2025-09-13T17:20:07.236Z] [31m'error'[39m : Employee with id 123 already exists
[2025-09-13T17:20:07.256Z] [32m'info'[39m : Employee with id 123 hired
[2025-09-13T17:20:22.060Z] [31m'error'[39m : Employee with id 123 already exists
[2025-09-13T17:20:22.076Z] [32m'info'[39m : Employee with id 123 hired
[2025-09-13T17:20:57.031Z] [31m'error'[39m : Employee with id 123 already exists
[2025-09-13T17:20:57.046Z] [32m'info'[39m : Employee with id 123 hired
[2025-09-13T17:21:34.626Z] [31m'error'[39m : Employee with id 123 already exists
[2025-09-13T17:21:34.647Z] [32m'info'[39m : Employee with id 123 hired
[2025-09-13T17:22:34.411Z] [31m'error'[39m : Employee with id 123 already exists
[2025-09-13T17:22:34.427Z] [32m'info'[39m : Employee with id 123 hired
[2025-09-13T17:23:15.599Z] [31m'error'[39m : Employee with id 123 already exists
[2025-09-13T17:23:15.619Z] [32m'info'[39m : Employee with id 123 hired
[2025-09-13T17:23:51.719Z] [31m'error'[39m : Employee with id 123 already exists
[2025-09-13T17:23:51.735Z] [32m'info'[39m : Employee with id 123 hired
[2025-09-13T19:52:26.425Z] [31m'error'[39m : Employee with id 1235 not found
[2025-09-13T19:58:34.319Z] [32m'info'[39m : Employee with id 123 fired
[2025-09-13T20:05:37.259Z] [31m'error'[39m : Employee with id UNKNOWN not found
[2025-09-13T20:26:05.297Z] [31m'error'[39m : Employee updating failed!
[2025-09-14T18:15:08.874Z] [32m'info'[39m : Employee with id 123 updated successfully
[2025-09-14T18:19:40.812Z] [31m'error'[39m : Employee updating failed!
[2025-09-14T18:19:40.823Z] [32m'info'[39m : Employee with id 123 updated successfully
[2025-09-14T19:51:34.707Z] [31m'error'[39m : Employee with id 123 not found
[2025-09-14T20:29:34.960Z] [32m'info'[39m : Employee with id 123 changed roles successfully
[2025-09-14T20:30:09.248Z] [31m'error'[39m : Employee with id 123 not found
[2025-09-14T20:30:09.261Z] [32m'info'[39m : Employee with id 123 changed roles successfully
[2025-09-14T20:32:28.471Z] [32m'info'[39m : Employee with id 123 changed roles successfully
[2025-09-14T20:34:09.039Z] [32m'info'[39m : Employee with id 123 changed roles successfully
[2025-09-14T20:40:01.277Z] [32m'info'[39m : Employee with id 123 changed roles successfully
[2025-09-14T20:41:28.727Z] [32m'info'[39m : Employee with id 123 changed roles successfully
[2025-09-14T20:48:21.743Z] [31m'error'[39m : Employee with id 123 not found
[2025-09-14T20:48:21.755Z] [32m'info'[39m : Employee with id 123 changed roles successfully
[2025-09-14T20:56:51.669Z] [31m'error'[39m : Employee with id 123 not found
[2025-09-14T21:00:58.426Z] [32m'info'[39m : Employee with id 123 updated
[2025-09-14T21:03:25.557Z] [32m'info'[39m : Employee with id 123 updated
[2025-09-14T21:06:23.997Z] [31m'error'[39m : Employee with id 123 not found
[2025-09-14T21:06:24.102Z] [32m'info'[39m : Employee with id 123 updated
[2025-09-14T21:07:23.340Z] [31m'error'[39m : Employee with id 123 not found
[2025-09-14T21:07:39.519Z] [31m'error'[39m : Employee with id 123 not found
[2025-09-14T21:07:39.625Z] [32m'info'[39m : Employee with id 123 updated
{"level":"error","message":"2025-09-15T18:29:08.760Z => startShift Error"}
{"level":"error","message":"2025-09-15T19:20:49.110Z => finishShift Error"}
{"level":"error","message":"2025-09-15T19:21:14.189Z => finishShift Error"}
{"level":"error","message":"2025-09-15T19:30:35.688Z => finishShift Error"}
{"level":"info","message":"2025-09-15T19:34:12.383Z => finishShift finished successfully."}
{"level":"error","message":"2025-01-01T12:34:56.000Z => finishShift Error"}
{"level":"info","message":"2025-01-01T12:34:56.000Z => finishShift finished successfully."}
[2025-09-16T17:58:17.362Z] [31merror[39m : Employee with id 123456789 already exists
[2025-09-17T15:38:42.019Z] [32minfo[39m : Employee with id 123456789 hired
[2025-09-17T16:26:34.168Z] [32minfo[39m : Employee with id 123456789 hired
[2025-09-17T16:27:05.227Z] [31merror[39m : Employee with id 123456789 not found
[2025-09-17T16:27:08.338Z] [31merror[39m : Employee with id 123456789 not found
[2025-09-17T16:27:23.852Z] [31merror[39m : Employee with id "123456789" not found
[2025-09-17T16:27:29.817Z] [31merror[39m : Employee with id "123456789" not found
[2025-09-17T16:27:31.382Z] [31merror[39m : Employee with id "123456789" not found
[2025-09-17T16:29:03.523Z] [32minfo[39m : Employee with id 123456789 hired
[2025-09-17T17:03:14.907Z] [32minfo[39m : Employee with id 123456789 hired
[2025-09-17T17:22:32.079Z] [32minfo[39m : Employee with id 123456789 hired
