[2025-09-13T16:31:57.998Z] [31m'error'[39m : Employee with id 123 already exists
[2025-09-13T16:32:27.502Z] [31m'error'[39m : Employee with id 123 already exists
[2025-09-13T16:38:26.628Z] [31m'error'[39m : Employee with id 123 already exists
[2025-09-13T16:38:53.699Z] [31m'error'[39m : Employee with id 123 already exists
[2025-09-13T16:40:38.415Z] [31m'error'[39m : Employee with id 123 already exists
[2025-09-13T16:43:12.741Z] [31m'error'[39m : Employee with id 123 already exists
[2025-09-13T16:43:55.626Z] [31m'error'[39m : Employee with id 123 already exists
[2025-09-13T16:44:20.703Z] [31m'error'[39m : Employee with id 123 already exists
[2025-09-13T16:44:38.556Z] [31m'error'[39m : Employee with id 123 already exists
[2025-09-13T16:50:06.228Z] [31m'error'[39m : Employee with id 123 already exists
[2025-09-13T16:54:03.785Z] [31m'error'[39m : Employee with id 123 already exists
[2025-09-13T16:55:12.867Z] [31m'error'[39m : Employee with id 123 already exists
[2025-09-13T17:00:37.339Z] [31m'error'[39m : Employee with id 123 already exists
[2025-09-13T17:01:23.680Z] [31m'error'[39m : Employee with id 123 already exists
[2025-09-13T17:01:34.114Z] [31m'error'[39m : Employee with id 123 already exists
[2025-09-13T17:20:07.236Z] [31m'error'[39m : Employee with id 123 already exists
[2025-09-13T17:20:22.060Z] [31m'error'[39m : Employee with id 123 already exists
[2025-09-13T17:20:57.031Z] [31m'error'[39m : Employee with id 123 already exists
[2025-09-13T17:21:34.626Z] [31m'error'[39m : Employee with id 123 already exists
[2025-09-13T17:22:34.411Z] [31m'error'[39m : Employee with id 123 already exists
[2025-09-13T17:23:15.599Z] [31m'error'[39m : Employee with id 123 already exists
[2025-09-13T17:23:51.719Z] [31m'error'[39m : Employee with id 123 already exists
[2025-09-13T19:52:26.425Z] [31m'error'[39m : Employee with id 1235 not found
[2025-09-13T20:05:37.259Z] [31m'error'[39m : Employee with id UNKNOWN not found
[2025-09-13T20:26:05.297Z] [31m'error'[39m : Employee updating failed!
[2025-09-14T18:19:40.812Z] [31m'error'[39m : Employee updating failed!
[2025-09-14T19:51:34.707Z] [31m'error'[39m : Employee with id 123 not found
[2025-09-14T20:30:09.248Z] [31m'error'[39m : Employee with id 123 not found
[2025-09-14T20:48:21.743Z] [31m'error'[39m : Employee with id 123 not found
[2025-09-14T20:56:51.669Z] [31m'error'[39m : Employee with id 123 not found
[2025-09-14T21:06:23.997Z] [31m'error'[39m : Employee with id 123 not found
[2025-09-14T21:07:23.340Z] [31m'error'[39m : Employee with id 123 not found
[2025-09-14T21:07:39.519Z] [31m'error'[39m : Employee with id 123 not found
{"level":"error","message":"2025-09-15T18:29:08.760Z => startShift Error"}
{"level":"error","message":"2025-09-15T19:20:49.110Z => finishShift Error"}
{"level":"error","message":"2025-09-15T19:21:14.189Z => finishShift Error"}
{"level":"error","message":"2025-09-15T19:30:35.688Z => finishShift Error"}
{"level":"error","message":"2025-01-01T12:34:56.000Z => finishShift Error"}
